0 info it worked if it ends with ok
1 verbose cli [ 'node', '/usr/local/bin/npm', 'install', '--save', 'critical' ]
2 info using npm@2.5.1
3 info using node@v0.12.0
4 silly cache add args [ 'critical', null ]
5 verbose cache add spec critical
6 silly cache add parsed spec { raw: 'critical',
6 silly cache add   scope: null,
6 silly cache add   name: 'critical',
6 silly cache add   rawSpec: '',
6 silly cache add   spec: '*',
6 silly cache add   type: 'range' }
7 verbose addNamed critical@*
8 silly addNamed semver.valid null
9 silly addNamed semver.validRange *
10 silly addNameRange { name: 'critical', range: '*', hasData: false }
11 silly mapToRegistry name critical
12 silly mapToRegistry using default registry
13 silly mapToRegistry registry https://registry.npmjs.org/
14 silly mapToRegistry uri https://registry.npmjs.org/critical
15 verbose addNameRange registry:https://registry.npmjs.org/critical not in flight; fetching
16 verbose request uri https://registry.npmjs.org/critical
17 verbose request no auth needed
18 info attempt registry request try #1 at 5:25:36 PM
19 verbose request id 3c33f2a41b885add
20 http request GET https://registry.npmjs.org/critical
21 http 200 https://registry.npmjs.org/critical
22 silly get cb [ 200,
22 silly get   { date: 'Tue, 17 Feb 2015 01:25:29 GMT',
22 silly get     server: 'CouchDB/1.5.0 (Erlang OTP/R16B03)',
22 silly get     etag: '"E0C40SEQ2IJM1CCUERNFKLU90"',
22 silly get     'content-type': 'application/json',
22 silly get     'cache-control': 'max-age=60',
22 silly get     'content-length': '29485',
22 silly get     'accept-ranges': 'bytes',
22 silly get     via: '1.1 varnish',
22 silly get     age: '0',
22 silly get     'x-served-by': 'cache-lax1424-LAX',
22 silly get     'x-cache': 'MISS',
22 silly get     'x-cache-hits': '0',
22 silly get     'x-timer': 'S1424136329.797635,VS0,VE79',
22 silly get     vary: 'Accept',
22 silly get     'keep-alive': 'timeout=10, max=50',
22 silly get     connection: 'Keep-Alive' } ]
23 verbose get saving critical to /Users/IonMediaPortable/.npm/registry.npmjs.org/critical/.cache.json
24 silly addNameRange number 2 { name: 'critical', range: '*', hasData: true }
25 silly addNameRange versions [ 'critical',
25 silly addNameRange   [ '0.0.1',
25 silly addNameRange     '0.1.0',
25 silly addNameRange     '0.1.1',
25 silly addNameRange     '0.1.2',
25 silly addNameRange     '0.1.3',
25 silly addNameRange     '0.1.4',
25 silly addNameRange     '0.1.5',
25 silly addNameRange     '0.1.6',
25 silly addNameRange     '0.2.0',
25 silly addNameRange     '0.3.0',
25 silly addNameRange     '0.3.1',
25 silly addNameRange     '0.4.0',
25 silly addNameRange     '0.5.0',
25 silly addNameRange     '0.5.1',
25 silly addNameRange     '0.5.2',
25 silly addNameRange     '0.5.3',
25 silly addNameRange     '0.5.4' ] ]
26 verbose addNamed critical@0.5.4
27 silly addNamed semver.valid 0.5.4
28 silly addNamed semver.validRange 0.5.4
29 silly mapToRegistry name critical
30 silly mapToRegistry using default registry
31 silly mapToRegistry registry https://registry.npmjs.org/
32 silly mapToRegistry uri https://registry.npmjs.org/critical
33 verbose addRemoteTarball https://registry.npmjs.org/critical/-/critical-0.5.4.tgz not in flight; adding
34 verbose addRemoteTarball [ 'https://registry.npmjs.org/critical/-/critical-0.5.4.tgz',
34 verbose addRemoteTarball   'ee013a7fcd4bc8ec23930734c26ca97f0bc1f590' ]
35 info retry fetch attempt 1 at 5:25:36 PM
36 info attempt registry request try #1 at 5:25:36 PM
37 http fetch GET https://registry.npmjs.org/critical/-/critical-0.5.4.tgz
38 http fetch 200 https://registry.npmjs.org/critical/-/critical-0.5.4.tgz
39 silly fetchAndShaCheck shasum ee013a7fcd4bc8ec23930734c26ca97f0bc1f590
40 verbose addTmpTarball /var/folders/6v/3kvhprsx7699mm7263_z574r0000gn/T/npm-19027-5c8a6ec7/registry.npmjs.org/critical/-/critical-0.5.4.tgz not in flight; adding
41 verbose addTmpTarball already have metadata; skipping unpack for critical@0.5.4
42 silly cache afterAdd critical@0.5.4
43 verbose afterAdd /Users/IonMediaPortable/.npm/critical/0.5.4/package/package.json not in flight; writing
44 verbose afterAdd /Users/IonMediaPortable/.npm/critical/0.5.4/package/package.json written
45 silly install resolved [ { name: 'critical',
45 silly install resolved     version: '0.5.4',
45 silly install resolved     description: 'Extract & Inline Critical-path CSS from HTML',
45 silly install resolved     author: { name: 'Addy Osmani' },
45 silly install resolved     license: 'Apache-2.0',
45 silly install resolved     repository: { type: 'git', url: 'https://github.com/addyosmani/critical' },
45 silly install resolved     scripts: { test: 'mocha test/test.js --timeout 100000' },
45 silly install resolved     files:
45 silly install resolved      [ 'bin/critical',
45 silly install resolved        'src/critical.js',
45 silly install resolved        'src/helper/inline-styles.js' ],
45 silly install resolved     bin: { critical: './bin/critical' },
45 silly install resolved     preferGlobal: true,
45 silly install resolved     main: 'src/critical.js',
45 silly install resolved     keywords: [ 'critical', 'path', 'css', 'optimization' ],
45 silly install resolved     engines: { node: '>=0.10.0' },
45 silly install resolved     dependencies:
45 silly install resolved      { bluebird: '^2.2.2',
45 silly install resolved        cheerio: '^0.18.0',
45 silly install resolved        'clean-css': '^2.2.4',
45 silly install resolved        cli: '^0.6.5',
45 silly install resolved        'get-stdin': '^3.0.0',
45 silly install resolved        imageinliner: '^0.2.2',
45 silly install resolved        'indent-string': '^1.2.0',
45 silly install resolved        'inline-critical': '^0.0.9',
45 silly install resolved        lodash: '^2.4.1',
45 silly install resolved        meow: '^2.0.0',
45 silly install resolved        'object-assign': '^2.0.0',
45 silly install resolved        oust: '^0.2.0',
45 silly install resolved        penthouse: '0.2.53',
45 silly install resolved        slash: '^1.0.0',
45 silly install resolved        tempfile: '^1.1.0',
45 silly install resolved        tmp: '0.0.24' },
45 silly install resolved     devDependencies: { async: '^0.9.0', mocha: '*', mockery: '^1.4.0' },
45 silly install resolved     gitHead: '441c32f16310d2567227febfcc622d45e1de8904',
45 silly install resolved     bugs: { url: 'https://github.com/addyosmani/critical/issues' },
45 silly install resolved     homepage: 'https://github.com/addyosmani/critical',
45 silly install resolved     _id: 'critical@0.5.4',
45 silly install resolved     _shasum: 'ee013a7fcd4bc8ec23930734c26ca97f0bc1f590',
45 silly install resolved     _from: 'critical@*',
45 silly install resolved     _npmVersion: '2.5.0',
45 silly install resolved     _nodeVersion: '0.12.0',
45 silly install resolved     _npmUser: { name: 'sindresorhus', email: 'sindresorhus@gmail.com' },
45 silly install resolved     maintainers: [ [Object], [Object] ],
45 silly install resolved     dist:
45 silly install resolved      { shasum: 'ee013a7fcd4bc8ec23930734c26ca97f0bc1f590',
45 silly install resolved        tarball: 'http://registry.npmjs.org/critical/-/critical-0.5.4.tgz' },
45 silly install resolved     directories: {},
45 silly install resolved     _resolved: 'https://registry.npmjs.org/critical/-/critical-0.5.4.tgz' } ]
46 info install critical@0.5.4 into /Users/IonMediaPortable/GitHub/frontend-nanodegree-mobile-portfolio
47 info installOne critical@0.5.4
48 verbose installOne of critical to /Users/IonMediaPortable/GitHub/frontend-nanodegree-mobile-portfolio not in flight; installing
49 warn locking Error: EACCES, open '/Users/IonMediaPortable/.npm/_locks/critical-1b1ddbafdc912d35.lock'
49 warn locking     at Error (native)
49 warn locking  /Users/IonMediaPortable/.npm/_locks/critical-1b1ddbafdc912d35.lock failed { [Error: EACCES, open '/Users/IonMediaPortable/.npm/_locks/critical-1b1ddbafdc912d35.lock']
49 warn locking   errno: -13,
49 warn locking   code: 'EACCES',
49 warn locking   path: '/Users/IonMediaPortable/.npm/_locks/critical-1b1ddbafdc912d35.lock' }
50 verbose stack Error: Attempt to unlock /Users/IonMediaPortable/GitHub/frontend-nanodegree-mobile-portfolio/node_modules/critical, which hasn't been locked
50 verbose stack     at unlock (/usr/local/lib/node_modules/npm/lib/utils/locker.js:66:11)
50 verbose stack     at cb (/usr/local/lib/node_modules/npm/lib/install.js:929:5)
50 verbose stack     at /usr/local/lib/node_modules/npm/lib/install.js:933:20
50 verbose stack     at /usr/local/lib/node_modules/npm/lib/utils/locker.js:40:9
50 verbose stack     at cb (/usr/local/lib/node_modules/npm/node_modules/lockfile/lockfile.js:149:38)
50 verbose stack     at /usr/local/lib/node_modules/npm/node_modules/lockfile/lockfile.js:177:38
50 verbose stack     at FSReqWrap.oncomplete (fs.js:99:15)
51 verbose cwd /Users/IonMediaPortable/GitHub/frontend-nanodegree-mobile-portfolio
52 error Darwin 12.5.0
53 error argv "node" "/usr/local/bin/npm" "install" "--save" "critical"
54 error node v0.12.0
55 error npm  v2.5.1
56 error Attempt to unlock /Users/IonMediaPortable/GitHub/frontend-nanodegree-mobile-portfolio/node_modules/critical, which hasn't been locked
57 error If you need help, you may report this error at:
57 error     <http://github.com/npm/npm/issues>
58 verbose exit [ 1, true ]
